<?xml version="1.0" encoding="UTF-8"?>
<!-- Generated by org.testng.reporters.JUnitReportReporter -->
<testsuite hostname="DESKTOP-NO6VRSL" failures="0" tests="9" name="codenboxautomationlab.testCodenBox" time="0.366" errors="0" timestamp="2025-04-26T14:21:30 PDT" skipped="8">
  <testcase classname="codenboxautomationlab.testCodenBox" name="testTheTable" time="0.366"/>
  <testcase classname="codenboxautomationlab.testCodenBox" name="confirmButtonTest">
    <skipped/>
  </testcase> <!-- confirmButtonTest -->
  <testcase classname="codenboxautomationlab.testCodenBox" name="checkBoxTest">
    <skipped/>
  </testcase> <!-- checkBoxTest -->
  <testcase classname="codenboxautomationlab.testCodenBox" name="autoCompletTest">
    <skipped/>
  </testcase> <!-- autoCompletTest -->
  <testcase classname="codenboxautomationlab.testCodenBox" name="switchWindow">
    <skipped/>
  </testcase> <!-- switchWindow -->
  <testcase classname="codenboxautomationlab.testCodenBox" name="alertTabTest">
    <skipped/>
  </testcase> <!-- alertTabTest -->
  <testcase classname="codenboxautomationlab.testCodenBox" name="staticSelect">
    <skipped/>
  </testcase> <!-- staticSelect -->
  <testcase classname="codenboxautomationlab.testCodenBox" name="switchTab">
    <skipped/>
  </testcase> <!-- switchTab -->
  <testcase classname="codenboxautomationlab.testCodenBox" name="radioButton">
    <skipped/>
  </testcase> <!-- radioButton -->
</testsuite> <!-- codenboxautomationlab.testCodenBox -->
